<?xml version="1.0" encoding="UTF-8"?>
<testng-results ignored="0" total="1" passed="1" failed="0" skipped="0">
  <reporter-output>
  </reporter-output>
  <suite started-at="2023-02-20T21:01:00 PST" name="Suite" finished-at="2023-02-20T21:01:06 PST" duration-ms="5505">
    <groups>
    </groups>
    <test started-at="2023-02-20T21:01:00 PST" name="Test" finished-at="2023-02-20T21:01:06 PST" duration-ms="5505">
      <class name="testNgDemo.TestDemo1">
        <test-method is-config="true" signature="openBrowser()[pri:0, instance:testNgDemo.TestDemo1@28eaa59a]" started-at="2023-02-20T21:01:00 PST" name="openBrowser" finished-at="2023-02-20T21:01:04 PST" duration-ms="3896" status="PASS">
          <reporter-output>
          </reporter-output>
        </test-method> <!-- openBrowser -->
        <test-method signature="testCaseVerificationWithEmptyLoginInput()[pri:0, instance:testNgDemo.TestDemo1@28eaa59a]" started-at="2023-02-20T21:01:04 PST" name="testCaseVerificationWithEmptyLoginInput" finished-at="2023-02-20T21:01:05 PST" duration-ms="1265" status="PASS">
          <reporter-output>
          </reporter-output>
        </test-method> <!-- testCaseVerificationWithEmptyLoginInput -->
        <test-method is-config="true" signature="closeBrowser()[pri:0, instance:testNgDemo.TestDemo1@28eaa59a]" started-at="2023-02-20T21:01:05 PST" name="closeBrowser" finished-at="2023-02-20T21:01:06 PST" duration-ms="308" status="PASS">
          <reporter-output>
          </reporter-output>
        </test-method> <!-- closeBrowser -->
      </class> <!-- testNgDemo.TestDemo1 -->
    </test> <!-- Test -->
  </suite> <!-- Suite -->
</testng-results>
